0 info it worked if it ends with ok
1 verbose cli [ '/usr/bin/nodejs', '/usr/bin/npm', 'run', 'start' ]
2 info using npm@3.10.10
3 info using node@v6.10.3
4 verbose run-script [ 'prestart', 'start', 'poststart' ]
5 info lifecycle hugo-tranquilpeak-theme@0.3.1-BETA~prestart: hugo-tranquilpeak-theme@0.3.1-BETA
6 silly lifecycle hugo-tranquilpeak-theme@0.3.1-BETA~prestart: no script for prestart, continuing
7 info lifecycle hugo-tranquilpeak-theme@0.3.1-BETA~start: hugo-tranquilpeak-theme@0.3.1-BETA
8 verbose lifecycle hugo-tranquilpeak-theme@0.3.1-BETA~start: unsafe-perm in lifecycle true
9 verbose lifecycle hugo-tranquilpeak-theme@0.3.1-BETA~start: PATH: /usr/lib/node_modules/npm/bin/node-gyp-bin:/home/niceplace/workspace/nghp/niceplace.github.io/themes/tranquilpeak/node_modules/.bin:/usr/local/sbin:/usr/local/bin:/usr/sbin:/usr/bin:/sbin:/bin:/usr/games:/usr/local/games:/snap/bin:/home/niceplace/.rvm/bin:/usr/lib/jvm/java-8-openjdk-amd64/jre/bin:/opt/apache/maven/bin:/home/niceplace/.rvm/bin
10 verbose lifecycle hugo-tranquilpeak-theme@0.3.1-BETA~start: CWD: /home/niceplace/workspace/nghp/niceplace.github.io/themes/tranquilpeak
11 silly lifecycle hugo-tranquilpeak-theme@0.3.1-BETA~start: Args: [ '-c', 'grunt default' ]
12 silly lifecycle hugo-tranquilpeak-theme@0.3.1-BETA~start: Returned: code: 6  signal: null
13 info lifecycle hugo-tranquilpeak-theme@0.3.1-BETA~start: Failed to exec start script
14 verbose stack Error: hugo-tranquilpeak-theme@0.3.1-BETA start: `grunt default`
14 verbose stack Exit status 6
14 verbose stack     at EventEmitter.<anonymous> (/usr/lib/node_modules/npm/lib/utils/lifecycle.js:255:16)
14 verbose stack     at emitTwo (events.js:106:13)
14 verbose stack     at EventEmitter.emit (events.js:191:7)
14 verbose stack     at ChildProcess.<anonymous> (/usr/lib/node_modules/npm/lib/utils/spawn.js:40:14)
14 verbose stack     at emitTwo (events.js:106:13)
14 verbose stack     at ChildProcess.emit (events.js:191:7)
14 verbose stack     at maybeClose (internal/child_process.js:886:16)
14 verbose stack     at Process.ChildProcess._handle.onexit (internal/child_process.js:226:5)
15 verbose pkgid hugo-tranquilpeak-theme@0.3.1-BETA
16 verbose cwd /home/niceplace/workspace/nghp/niceplace.github.io/themes/tranquilpeak
17 error Linux 4.4.0-77-generic
18 error argv "/usr/bin/nodejs" "/usr/bin/npm" "run" "start"
19 error node v6.10.3
20 error npm  v3.10.10
21 error code ELIFECYCLE
22 error hugo-tranquilpeak-theme@0.3.1-BETA start: `grunt default`
22 error Exit status 6
23 error Failed at the hugo-tranquilpeak-theme@0.3.1-BETA start script 'grunt default'.
23 error Make sure you have the latest version of node.js and npm installed.
23 error If you do, this is most likely a problem with the hugo-tranquilpeak-theme package,
23 error not with npm itself.
23 error Tell the author that this fails on your system:
23 error     grunt default
23 error You can get information on how to open an issue for this project with:
23 error     npm bugs hugo-tranquilpeak-theme
23 error Or if that isn't available, you can get their info via:
23 error     npm owner ls hugo-tranquilpeak-theme
23 error There is likely additional logging output above.
24 verbose exit [ 1, true ]
